<?xml version="1.0" encoding="utf-8"?><testsuites name="pytest tests"><testsuite name="pytest" errors="0" failures="0" skipped="10" tests="1251" time="52.003" timestamp="2026-04-18T13:58:39.958195-05:00" hostname="IME-L0160"><testcase classname="tests.e2e.test_cli_smoke" name="test_cli_generate_help_clarifies_recipe_names" time="0.046" /><testcase classname="tests.e2e.test_cli_smoke" name="test_cli_main_version_flag" time="0.043" /><testcase classname="tests.e2e.test_cli_smoke" name="test_cli_help_shows_workflow_examples" time="0.046" /><testcase classname="tests.e2e.test_cli_smoke" name="test_cli_main_validate_exits_zero" time="0.581" /><testcase classname="tests.e2e.test_cli_smoke" name="test_cli_main_list_roles_exits_zero" time="0.591" /><testcase classname="tests.integration.cli.test_cli_integration.TestShortFormFlags" name="test_install_short_format_flag@cli_integration" time="0.390" /><testcase classname="tests.e2e.test_cli_smoke" name="test_cli_install_help_text_clarity" time="0.022" /><testcase classname="tests.e2e.test_cli_smoke" name="test_cli_generate_with_install_all_shows_helpful_error" time="0.036" /><testcase classname="tests.edge_cases.test_error_handling" name="test_pipeline_handles_missing_recipe" time="0.009" /><testcase classname="tests.edge_cases.test_error_handling" name="test_pipeline_handles_partial_composition_failures" time="0.122" /><testcase classname="tests.edge_cases.test_error_handling" name="test_pipeline_with_empty_recipe_list" time="0.015" /><testcase classname="tests.edge_cases.test_filesystem_edge_cases.TestFileSystemErrors" name="test_load_nonexistent_file" time="0.008" /><testcase classname="tests.edge_cases.test_error_handling" name="test_executor_handles_io_errors" time="0.076" /><testcase classname="tests.edge_cases.test_filesystem_edge_cases.TestFileSystemErrors" name="test_install_output_disk_full_error" time="0.009" /><testcase classname="tests.edge_cases.test_filesystem_edge_cases.TestFileSystemErrors" name="test_install_output_creates_missing_directories" time="0.009" /><testcase classname="tests.edge_cases.test_filesystem_edge_cases.TestFileSystemErrors" name="test_path_traversal_attempt_in_recipe_name" time="0.005" /><testcase classname="tests.edge_cases.test_filesystem_edge_cases.TestFileSystemErrors" name="test_load_role_with_unicode_path" time="0.012" /><testcase classname="tests.edge_cases.test_filesystem_edge_cases.TestFileSystemErrors" name="test_resolve_target_global_with_extra_args_raises" time="0.002" /><testcase classname="tests.edge_cases.test_filesystem_edge_cases.TestFileSystemErrors" name="test_resolve_target_project_with_too_many_args_raises" time="0.001" /><testcase classname="tests.edge_cases.test_filesystem_edge_cases.TestFileSystemErrors" name="test_resolve_target_unknown_keyword_raises" time="0.001" /><testcase classname="tests.edge_cases.test_filesystem_edge_cases.TestFileSystemErrors" name="test_symlink_in_recipe_path" time="0.009"><skipped type="pytest.skip" message="Symlinks not supported on this platform">C:\Code\personetta\tests\edge_cases\test_filesystem_edge_cases.py:113: Symlinks not supported on this platform</skipped></testcase><testcase classname="tests.edge_cases.test_validation_edge_cases.TestDataValidation" name="test_empty_string_in_required_field_name" time="0.004" /><testcase classname="tests.edge_cases.test_filesystem_edge_cases.TestFileSystemErrors" name="test_load_file_with_permission_denied" time="0.010" /><testcase classname="tests.edge_cases.test_validation_edge_cases.TestDataValidation" name="test_emoji_in_tool_name" time="0.002" /><testcase classname="tests.edge_cases.test_validation_edge_cases.TestDataValidation" name="test_special_characters_in_tool_name" time="0.002" /><testcase classname="tests.edge_cases.test_validation_edge_cases.TestDataValidation" name="test_control_characters_in_yaml_string" time="0.008" /><testcase classname="tests.edge_cases.test_validation_edge_cases.TestDataValidation" name="test_very_long_string_in_description" time="0.036" /><testcase classname="tests.edge_cases.test_error_handling" name="test_pipeline_composition_error_handling" time="0.008" /><testcase classname="tests.edge_cases.test_validation_edge_cases.TestDataValidation" name="test_null_value_in_optional_field" time="0.009" /><testcase classname="tests.edge_cases.test_validation_edge_cases.TestDataValidation" name="test_duplicate_tool_names_case_insensitive" time="0.001" /><testcase classname="tests.edge_cases.test_validation_edge_cases.TestDataValidation" name="test_tool_without_name_field" time="0.001" /><testcase classname="tests.edge_cases.test_validation_edge_cases.TestDataValidation" name="test_whitespace_only_tool_name" time="0.001" /><testcase classname="tests.edge_cases.test_validation_edge_cases.TestBoundaryConditions" name="test_empty_list_responsibilities" time="0.004" /><testcase classname="tests.edge_cases.test_validation_edge_cases.TestBoundaryConditions" name="test_very_large_compose_list" time="0.262" /><testcase classname="tests.edge_cases.test_validation_edge_cases.TestBoundaryConditions" name="test_single_item_list_compose" time="0.010" /><testcase classname="tests.edge_cases.test_validation_edge_cases.TestBoundaryConditions" name="test_nested_depth_limit_in_deep_merge" time="0.001" /><testcase classname="tests.edge_cases.test_validation_edge_cases.TestBoundaryConditions" name="test_merge_with_no_roles" time="0.001" /><testcase classname="tests.edge_cases.test_validation_edge_cases.TestDataValidation" name="test_wrong_data_type_for_list_field" time="0.005" /><testcase classname="tests.edge_cases.test_validation_edge_cases.TestBoundaryConditions" name="test_union_by_key_with_empty_list" time="0.001" /><testcase classname="tests.edge_cases.test_validation_edge_cases.TestBoundaryConditions" name="test_merge_with_single_role" time="0.001" /><testcase classname="tests.edge_cases.test_validation_edge_cases.TestBoundaryConditions" name="test_union_by_key_with_missing_key" time="0.001" /><testcase classname="tests.edge_cases.test_validation_edge_cases.TestBoundaryConditions" name="test_very_large_guidelines_list_affects_tier" time="0.001" /><testcase classname="tests.edge_cases.test_validation_edge_cases.TestStateAndConcurrency" name="test_install_multiple_formats_same_recipe" time="0.016" /><testcase classname="tests.edge_cases.test_validation_edge_cases.TestStateAndConcurrency" name="test_corrupted_merge_config_fallback_to_defaults" time="0.007" /><testcase classname="tests.edge_cases.test_validation_edge_cases.TestStateAndConcurrency" name="test_extract_tool_commands_with_malformed_tools" time="0.001" /><testcase classname="tests.edge_cases.test_validation_edge_cases.TestStateAndConcurrency" name="test_parallel_recipe_loading_same_roles" time="0.050" /><testcase classname="tests.edge_cases.test_validation_edge_cases.TestStateAndConcurrency" name="test_race_condition_concurrent_file_writes" time="0.013" /><testcase classname="tests.edge_cases.test_validation_edge_cases.TestAdditionalEdgeCases" name="test_recipe_with_circular_mixin_reference" time="0.016" /><testcase classname="tests.edge_cases.test_validation_edge_cases.TestAdditionalEdgeCases" name="test_tool_sanitize_name_all_special_chars" time="0.001" /><testcase classname="tests.edge_cases.test_validation_edge_cases.TestAdditionalEdgeCases" name="test_tool_sanitize_name_with_consecutive_hyphens" time="0.001" /><testcase classname="tests.edge_cases.test_validation_edge_cases.TestAdditionalEdgeCases" name="test_yaml_with_extremely_long_key" time="0.038" /><testcase classname="tests.edge_cases.test_validation_edge_cases.TestStateAndConcurrency" name="test_missing_template_file_raises_clear_error" time="0.005" /><testcase classname="tests.edge_cases.test_yaml_edge_cases.TestInvalidYAML" name="test_yaml_with_tabs_mixed_indentation" time="0.007" /><testcase classname="tests.edge_cases.test_yaml_edge_cases.TestInvalidYAML" name="test_yaml_with_duplicate_keys" time="0.008" /><testcase classname="tests.edge_cases.test_yaml_edge_cases.TestInvalidYAML" name="test_yaml_anchor_and_alias_circular_reference" time="0.008" /><testcase classname="tests.edge_cases.test_yaml_edge_cases.TestInvalidYAML" name="test_malformed_yaml_syntax_raises_load_error" time="0.008" /><testcase classname="tests.edge_cases.test_yaml_edge_cases.TestInvalidYAML" name="test_yaml_bomb_deeply_nested" time="0.011" /><testcase classname="tests.edge_cases.test_yaml_edge_cases.TestInvalidYAML" name="test_role_missing_required_field_name" time="0.011" /><testcase classname="tests.edge_cases.test_yaml_edge_cases.TestInvalidYAML" name="test_role_missing_required_field_responsibilities" time="0.011" /><testcase classname="tests.edge_cases.test_yaml_edge_cases.TestInvalidYAML" name="test_recipe_missing_required_field_compose" time="0.010" /><testcase classname="tests.edge_cases.test_yaml_edge_cases.TestInvalidYAML" name="test_recipe_empty_compose_list" time="0.011" /><testcase classname="tests.edge_cases.test_yaml_edge_cases.TestInvalidYAML" name="test_yaml_with_binary_data" time="0.007" /><testcase classname="tests.integration.cli.test_cli_integration.TestShortFormFlags" name="test_set_active_short_format_flag@cli_integration" time="0.346" /><testcase classname="tests.integration.cli.test_skill_cleanup_cli.TestRemoveSkillCommand" name="test_remove_skill_with_confirmation_yes" time="0.025" /><testcase classname="tests.integration.cli.test_skill_cleanup_cli.TestRemoveSkillCommand" name="test_remove_skill_with_confirmation_no" time="0.020" /><testcase classname="tests.integration.cli.test_skill_cleanup_cli.TestRemoveSkillCommand" name="test_remove_nonexistent_skill" time="0.008" /><testcase classname="tests.integration.cli.test_skill_cleanup_cli.TestRemoveSkillCommand" name="test_remove_skill_with_force_flag" time="0.020" /><testcase classname="tests.integration.cli.test_skill_cleanup_cli.TestRemoveSkillCommand" name="test_remove_skill_directory_only" time="0.011" /><testcase classname="tests.integration.cli.test_skill_cleanup_cli.TestCleanSkillsCommand" name="test_clean_skills_all_formats" time="0.029" /><testcase classname="tests.integration.cli.test_skill_cleanup_cli.TestRemoveSkillCommand" name="test_remove_skill_catalog_only" time="0.015" /><testcase classname="tests.integration.cli.test_skill_cleanup_cli.TestCleanSkillsCommand" name="test_clean_skills_with_confirmation" time="0.016" /><testcase classname="tests.integration.cli.test_skill_cleanup_cli.TestCleanSkillsCommand" name="test_clean_skills_specific_format" time="0.020" /><testcase classname="tests.edge_cases.test_validation_edge_cases.TestBoundaryConditions" name="test_empty_dictionary_for_context_field" time="0.001" /><testcase classname="tests.integration.cli.test_skill_cleanup_cli.TestCleanSkillsCommand" name="test_clean_skills_decline_confirmation" time="0.012" /><testcase classname="tests.integration.cli.test_skill_update_cli.TestCheckSkillsCommand" name="test_check_skills_all_formats" time="0.129" /><testcase classname="tests.integration.cli.test_skill_update_cli.TestCheckSkillsCommand" name="test_check_skills_reports_stale" time="0.139" /><testcase classname="tests.integration.cli.test_skill_cleanup_cli.TestCleanSkillsCommand" name="test_clean_skills_no_orphans" time="0.010" /><testcase classname="tests.integration.cli.test_skill_update_cli.TestUpdateSkillCommand" name="test_update_skill_requires_format_for_name" time="0.005" /><testcase classname="tests.integration.cli.test_skill_update_cli.TestUpdateSkillCommand" name="test_update_skill_error_when_not_found" time="0.131" /><testcase classname="tests.e2e.test_cli_smoke" name="test_cli_generate_with_nonexistent_recipe_suggests_list" time="0.030" /><testcase classname="tests.e2e.test_cli_smoke" name="test_cli_generate_without_backend_or_prompt_shows_examples" time="0.024" /><testcase classname="tests.integration.cli.test_skill_update_cli.TestUpdateSkillCommand" name="test_update_skill_requires_name_or_all" time="0.006" /><testcase classname="tests.integration.content.test_semantic_validation" name="test_copilot_output_has_valid_frontmatter" time="2.771" /><testcase classname="tests.integration.content.test_semantic_validation" name="test_router_lists_all_installed_recipes" time="2.624" /><testcase classname="tests.integration.content.test_semantic_validation" name="test_claude_output_is_parseable" time="2.627" /><testcase classname="tests.integration.cli.test_skill_update_cli.TestUpdateSkillCommand" name="test_update_skill_whatif_shows_plan" time="0.144" /><testcase classname="tests.integration.content.test_semantic_validation" name="test_cursor_output_is_valid_markdown" time="2.723" /><testcase classname="tests.integration.cli.test_cli_integration.TestShortFormFlags" name="test_remove_short_format_flag@cli_integration" time="0.352" /><testcase classname="tests.integration.prompt_export.test_cli.TestGenerateCommandSyntax" name="test_generate_requires_backend_or_prompt" time="0.644" /><testcase classname="tests.integration.cli.test_cli_integration.TestShortFormFlags" name="test_install_short_target_flag@cli_integration" time="0.303" /><testcase classname="tests.integration.cli.test_cli_integration.TestWhatIfFlag" name="test_install_whatif_shows_plan_without_installing@cli_integration" time="0.081" /><testcase classname="tests.integration.prompt_export.test_cli.TestGenerateCommandSyntax" name="test_generate_prompt_stdout_success" time="0.718" /><testcase classname="tests.integration.cli.test_cli_integration.TestWhatIfFlag" name="test_remove_whatif_shows_plan_without_removing@cli_integration" time="0.341" /><testcase classname="tests.integration.cli.test_cli_integration.TestWhatIfFlag" name="test_set_active_whatif_shows_plan_without_changing@cli_integration" time="0.352" /><testcase classname="tests.integration.prompt_export.test_cli.TestGenerateCommandSyntax" name="test_generate_output_requires_prompt" time="0.667" /><testcase classname="tests.integration.cli.test_cli_integration.TestEndToEndCommands" name="test_list_command_still_works@cli_integration" time="0.508" /><testcase classname="tests.integration.cli.test_cli_integration.TestEndToEndCommands" name="test_validate_command_still_works@cli_integration" time="0.488" /><testcase classname="tests.integration.prompt_export.test_cli.TestGenerateCommandSyntax" name="test_generate_output_conflicts_with_prompt_all" time="0.661" /><testcase classname="tests.integration.cli.test_cli_integration.TestEndToEndCommands" name="test_generate_command_still_works@cli_integration" time="0.081" /><testcase classname="tests.integration.prompt_export.test_cli.TestGenerateCommandSyntax" name="test_generate_requires_recipe_id" time="0.685" /><testcase classname="tests.integration.content.test_semantic_validation" name="test_cached_recipes_are_complete" time="3.313" /><testcase classname="tests.integration.cli.test_cli_integration.TestYesFlagAndConfirmation" name="test_yes_flag_skips_confirmation@cli_integration" time="1.640" /><testcase classname="tests.integration.prompt_export.test_cli.TestGenerateCommandSyntax" name="test_generate_backend_cursor_success" time="0.905" /><testcase classname="tests.integration.content.test_semantic_validation" name="test_baseline_references_router_and_active" time="3.304" /><testcase classname="tests.integration.prompt_export.test_cli.TestGenerateCommandSyntax" name="test_generate_target_requires_backend" time="0.680" /><testcase classname="tests.integration.prompt_export.test_cli.TestGenerateCommandExecution" name="test_generate_multiple_recipes_prompt" time="0.868" /><testcase classname="tests.integration.prompt_export.test_cli.TestGenerateCommandOutput" name="test_generate_prompt_stdout_goes_to_stdout" time="0.843" /><testcase classname="tests.integration.prompt_export.test_cli.TestGenerateCommandExecution" name="test_generate_backend_and_prompt_together" time="1.016" /><testcase classname="tests.integration.prompt_export.test_cli.TestGenerateCommandOutput" name="test_generate_error_shows_helpful_message" time="0.836" /><testcase classname="tests.integration.cli.test_cli_integration.TestMultiFormat" name="test_remove_copilot_format@cli_integration" time="8.153" /><testcase classname="tests.integration.prompt_export.test_cli.TestBackendParameterParsing" name="test_backend_accepts_single_value" time="0.814" /><testcase classname="tests.integration.prompt_export.test_cli.TestBackendParameterParsing" name="test_backend_accepts_multiple_values" time="0.825" /><testcase classname="tests.integration.prompt_export.test_cli.TestBackendParameterParsing" name="test_backend_accepts_repeated_flag" time="0.856" /><testcase classname="tests.integration.prompt_export.test_cli.TestBackendParameterParsing" name="test_backend_all_expands_correctly" time="0.861" /><testcase classname="tests.integration.prompt_export.test_quick_validation" name="test_pipeline_builds_backend_work_items" time="0.117" /><testcase classname="tests.integration.prompt_export.test_quick_validation" name="test_imperative_transformation_should_to_must" time="0.003" /><testcase classname="tests.integration.prompt_export.test_quick_validation" name="test_imperative_transformation_prefer_to_use" time="0.002" /><testcase classname="tests.integration.prompt_export.test_quick_validation" name="test_prompt_has_no_backend_references" time="0.003" /><testcase classname="tests.integration.prompt_export.test_workflows.TestPromptGenerationWorkflow" name="test_single_recipe_to_stdout" time="0.023" /><testcase classname="tests.integration.prompt_export.test_workflows.TestPromptGenerationWorkflow" name="test_multiple_recipes_to_global_location" time="0.039" /><testcase classname="tests.integration.prompt_export.test_workflows.TestPromptGenerationWorkflow" name="test_custom_output_path" time="0.022" /><testcase classname="tests.integration.prompt_export.test_workflows.TestPromptGenerationWorkflow" name="test_backend_and_prompt_together" time="0.001"><skipped type="pytest.skip" message="Backend installation requires full system role structure (baseline, router)">C:\Code\personetta\tests\integration\prompt_export\test_workflows.py:165: Backend installation requires full system role structure (baseline, router)</skipped></testcase><testcase classname="tests.integration.prompt_export.test_workflows.TestPipelineConstruction" name="test_pipeline_with_multiple_backends" time="0.001" /><testcase classname="tests.integration.prompt_export.test_workflows.TestPipelineConstruction" name="test_pipeline_prompt_only" time="0.002" /><testcase classname="tests.integration.prompt_export.test_workflows.TestPipelineConstruction" name="test_pipeline_backend_only" time="0.002" /><testcase classname="tests.integration.prompt_export.test_workflows.TestRealRecipeGeneration" name="test_generate_real_python_backend_recipe" time="0.127" /><testcase classname="tests.integration.prompt_export.test_quick_validation" name="test_pipeline_builds_prompt_work_items" time="0.116" /><testcase classname="tests.integration.prompt_export.test_workflows.TestRealRecipeGeneration" name="test_all_recipes_generate_valid_prompts" time="0.484" /><testcase classname="tests.integration.prompt_export.test_cli.TestGenerateCommandExecution" name="test_generate_prompt_to_file" time="1.200" /><testcase classname="tests.integration.test_integration_e2e.TestEndToEnd" name="test_full_pipeline_copilot" time="0.079" /><testcase classname="tests.integration.prompt_export.test_quick_validation" name="test_standalone_prompt_generator_produces_output" time="0.003" /><testcase classname="tests.integration.prompt_export.test_cli.TestGenerateCommandOutput" name="test_generate_shows_summary" time="1.052" /><testcase classname="tests.integration.test_integration_e2e.TestEndToEnd" name="test_mixin_adds_without_overriding_tone" time="0.077" /><testcase classname="tests.integration.test_integration_e2e.TestEndToEnd" name="test_full_pipeline_cline" time="0.071" /><testcase classname="tests.integration.test_integration_e2e.TestEndToEndWithRealData" name="test_real_recipe_generates_without_errors" time="0.107" /><testcase classname="tests.integration.test_integration_e2e.TestEndToEndWithRealData" name="test_all_real_recipes_generate_without_errors" time="3.827" /><testcase classname="tests.integration.test_integration_install_cursor.TestInstallAll" name="test_installs_all_recipes" time="0.124" /><testcase classname="tests.integration.test_integration_e2e.TestEndToEnd" name="test_full_pipeline_cursor" time="0.069" /><testcase classname="tests.integration.test_integration_install_cursor.TestInstallAll" name="test_installed_files_have_frontmatter" time="0.118" /><testcase classname="tests.integration.test_integration_install_cursor.TestInstallAll" name="test_frontmatter_description_matches_recipe" time="0.130" /><testcase classname="tests.integration.test_integration_install_cursor.TestInstallAll" name="test_installed_files_contain_role_sections" time="0.123" /><testcase classname="tests.integration.test_integration_install_cursor.TestInstallAll" name="test_frontmatter_is_parseable_yaml" time="0.119" /><testcase classname="tests.integration.test_integration_install_cursor.TestInstallAll" name="test_install_all_with_multiple_recipes" time="0.384" /><testcase classname="tests.integration.test_integration_install_cursor.TestInstallAllFilter" name="test_filter_excludes_non_matching" time="0.057" /><testcase classname="tests.integration.test_integration_install_cursor.TestInstallAllFilter" name="test_filter_is_case_sensitive" time="0.307" /><testcase classname="tests.integration.test_integration_install_cursor.TestInstallAllFilter" name="test_filter_includes_matching_substring" time="0.075" /><testcase classname="tests.integration.test_integration_install_cursor.TestInstallAllFilter" name="test_cursor_install_respects_filter_substring" time="0.147" /><testcase classname="tests.integration.test_integration_install_cursor.TestInstallAllIdempotency" name="test_double_install_produces_same_content" time="0.210" /><testcase classname="tests.integration.test_integration_e2e.TestEndToEnd" name="test_guideline_deduplication" time="0.097" /><testcase classname="tests.integration.test_integration_e2e.TestEndToEnd" name="test_full_pipeline_claude" time="0.099" /><testcase classname="tests.integration.test_integration_install_cursor.TestInstallAllIdempotency" name="test_double_install_byte_identical" time="0.197" /><testcase classname="tests.integration.test_integration_install_cursor.TestInstallAllIdempotency" name="test_triple_install_stable" time="0.337" /><testcase classname="tests.integration.test_integration_install_cursor.TestInstallAllIdempotency" name="test_install_does_not_remove_unrelated_files" time="0.124" /><testcase classname="tests.integration.test_integration_install_cursor.TestInstallAllIdempotency" name="test_double_install_same_file_count" time="0.269" /><testcase classname="tests.integration.test_integration_install_cursor.TestInstallAllIdempotency" name="test_idempotent_with_real_data" time="6.573" /><testcase classname="tests.integration.test_integration_install_cursor.TestInstallAllIdempotency" name="test_install_overwrites_stale_content" time="0.129" /><testcase classname="tests.integration.test_integration_install_cursor.TestCursorLayoutContract" name="test_install_all_zero_successes_no_personetta_rules" time="0.061" /><testcase classname="tests.integration.test_integration_install_cursor.TestInstallAllIdempotency" name="test_idempotent_across_all_formats" time="0.703" /><testcase classname="tests.integration.test_integration_install_cursor.TestInstallAllIdempotency" name="test_output_deterministic_ordering" time="0.279" /><testcase classname="tests.integration.test_integration_install_cursor.TestCursorLayoutContract" name="test_install_all_zero_successes_cleans_prior_install" time="3.616" /><testcase classname="tests.integration.test_integration_install_cursor.TestCursorLayoutContract" name="test_corrupt_cursor_state_does_not_break_single_recipe_install" time="0.196" /><testcase classname="tests.integration.test_integration_install_cursor.TestCursorLayoutContract" name="test_set_active_with_cache_missing_frontmatter_still_writes_active" time="0.136" /><testcase classname="tests.integration.test_integration_install_cursor.TestCursorLayoutContract" name="test_install_single_cold_target_writes_baseline_router_cache" time="0.203" /><testcase classname="tests.integration.test_integration_install_cursor.TestCursorLayoutContract" name="test_install_all_filter_prunes_non_matching_cache" time="0.263" /><testcase classname="tests.integration.test_integration_install_cursor.TestCursorSetActive" name="test_set_active_switches_persona" time="0.152" /><testcase classname="tests.integration.test_integration_install_cursor.TestCursorSetActive" name="test_set_active_missing_cache_raises" time="0.010" /><testcase classname="tests.integration.test_integration_install_cursor.TestInstallAllWithRealData" name="test_cursor_router_lists_activation_phrases" time="3.344" /><testcase classname="tests.integration.test_integration_install_cursor.TestInstallAllWithRealData" name="test_all_real_recipes_install_cursor" time="3.378" /><testcase classname="tests.integration.test_integration_install_cursor.TestInstallAll" name="test_installed_filenames_match_recipe_names" time="0.115" /><testcase classname="tests.integration.test_integration_installer.TestInstaller" name="test_copilot_install_path" time="0.006" /><testcase classname="tests.integration.test_integration_installer.TestInstaller" name="test_claude_install_path" time="0.004" /><testcase classname="tests.integration.test_integration_installer.TestInstaller" name="test_cline_install_path" time="0.005" /><testcase classname="tests.integration.test_integration_installer.TestInstaller" name="test_install_creates_file" time="0.008" /><testcase classname="tests.integration.test_integration_installer.TestInstaller" name="test_install_creates_directories" time="0.011" /><testcase classname="tests.integration.workflows.test_cross_module.TestCrossModuleIntegration" name="test_loader_to_merger_to_formatter_chain" time="0.041" /><testcase classname="tests.integration.workflows.test_cross_module.TestCrossModuleIntegration" name="test_validator_to_pipeline_error_handling" time="0.083" /><testcase classname="tests.integration.workflows.test_cross_module.TestCrossModuleIntegration" name="test_merger_deduplication_across_formats" time="0.084" /><testcase classname="tests.integration.workflows.test_cross_module.TestCrossModuleIntegration" name="test_installer_creates_correct_directory_structure" time="0.198" /><testcase classname="tests.integration.workflows.test_cross_module.TestCrossModuleIntegration" name="test_recipe_catalog_integration" time="0.039" /><testcase classname="tests.integration.workflows.test_cross_module.TestCrossModuleIntegration" name="test_merge_config_affects_output" time="0.054" /><testcase classname="tests.integration.workflows.test_cross_module.TestCrossModuleIntegration" name="test_formatter_consistency_across_same_input" time="0.050" /><testcase classname="tests.integration.workflows.test_cross_module.TestCrossModuleIntegration" name="test_end_to_end_with_all_role_types" time="0.094" /><testcase classname="tests.integration.workflows.test_multi_format.TestMultiFormatWorkflows" name="test_install_to_cursor_and_copilot_maintains_separate_state" time="0.119" /><testcase classname="tests.integration.workflows.test_multi_format.TestMultiFormatWorkflows" name="test_set_different_active_recipes_per_format" time="0.130" /><testcase classname="tests.integration.workflows.test_multi_format.TestMultiFormatWorkflows" name="test_all_four_formats_coexist_with_independent_state" time="0.170" /><testcase classname="tests.integration.test_integration_install_cursor.TestCursorLayoutContract" name="test_refresh_router_from_empty_cache_returns_none" time="0.043" /><testcase classname="tests.integration.workflows.test_multi_format.TestMultiFormatWorkflows" name="test_remove_from_one_format_leaves_others_intact" time="0.109" /><testcase classname="tests.integration.workflows.test_multi_format.TestMultiFormatWorkflows" name="test_install_multiple_recipes_each_format_gets_all" time="0.147" /><testcase classname="tests.integration.workflows.test_multi_format.TestMultiFormatWorkflows" name="test_state_json_structure_consistent_across_formats" time="0.177" /><testcase classname="tests.integration.workflows.test_multi_format.TestMultiFormatWorkflows" name="test_format_specific_file_extensions" time="0.181" /><testcase classname="tests.integration.workflows.test_multi_format.TestMultiFormatWorkflows" name="test_global_vs_project_install_isolation" time="0.102" /><testcase classname="tests.integration.workflows.test_multi_format.TestMultiFormatWorkflows" name="test_cache_pruning_on_failed_recipes" time="0.038" /><testcase classname="tests.integration.workflows.test_multi_format.TestMultiFormatWorkflows" name="test_set_active_requires_cached_recipe" time="0.064" /><testcase classname="tests.integration.workflows.test_pipeline.TestFullPipelineWorkflows" name="test_load_compose_install_set_active_complete_flow" time="0.081" /><testcase classname="tests.integration.workflows.test_pipeline.TestFullPipelineWorkflows" name="test_real_recipes_complete_pipeline" time="0.343" /><testcase classname="tests.integration.workflows.test_pipeline.TestFullPipelineWorkflows" name="test_recipe_with_mixins_full_pipeline" time="0.093" /><testcase classname="tests.integration.workflows.test_pipeline.TestFullPipelineWorkflows" name="test_validation_errors_prevent_installation" time="0.041" /><testcase classname="tests.integration.workflows.test_pipeline.TestFullPipelineWorkflows" name="test_multiple_recipes_install_in_single_batch" time="0.114" /><testcase classname="tests.integration.test_integration_install_cursor.TestInstallAllWithRealData" name="test_real_frontmatter_descriptions_are_nontrivial" time="3.151" /><testcase classname="tests.integration.test_integration_installer.TestInstaller" name="test_cursor_install_path_matches_output_format_spec" time="0.004" /><testcase classname="tests.integration.workflows.test_pipeline.TestFullPipelineWorkflows" name="test_set_active_updates_active_file_content" time="0.104" /><testcase classname="tests.integration.workflows.test_pipeline.TestFullPipelineWorkflows" name="test_formatter_produces_format_specific_output" time="0.041" /><testcase classname="tests.integration.workflows.test_state_management.TestStatePersistence" name="test_state_persists_across_set_active_calls" time="0.108" /><testcase classname="tests.integration.workflows.test_pipeline.TestFullPipelineWorkflows" name="test_language_specific_enhancements_in_pipeline" time="0.082" /><testcase classname="tests.integration.workflows.test_pipeline.TestFullPipelineWorkflows" name="test_install_creates_all_system_files" time="0.057" /><testcase classname="tests.integration.workflows.test_state_management.TestStatePersistence" name="test_remove_recipe_cache_preserves_state_file" time="0.088" /><testcase classname="tests.integration.workflows.test_state_management.TestStatePersistence" name="test_state_json_valid_after_multiple_operations" time="0.081" /><testcase classname="tests.integration.workflows.test_state_management.TestStatePersistence" name="test_cache_persists_after_install" time="0.075" /><testcase classname="tests.integration.workflows.test_state_management.TestStatePersistence" name="test_empty_state_handled_gracefully" time="0.009" /><testcase classname="tests.quality.audit.test_freshness" name="test_audit_freshness_message_none_when_recent" time="0.004" /><testcase classname="tests.integration.workflows.test_state_management.TestStatePersistence" name="test_state_isolated_between_targets" time="0.153" /><testcase classname="tests.quality.audit.test_freshness" name="test_audit_freshness_message_when_stamp_old" time="0.007" /><testcase classname="tests.integration.workflows.test_state_management.TestStatePersistence" name="test_reinstall_preserves_existing_active_selection" time="0.112" /><testcase classname="tests.quality.audit.test_freshness" name="test_audit_freshness_message_when_stamp_invalid" time="0.008" /><testcase classname="tests.quality.audit.test_freshness" name="test_audit_freshness_notice_warns_without_failing" time="0.003" /><testcase classname="tests.quality.static_analysis.test_complexity.TestCodeComplexity" name="test_cyclomatic_complexity_limit" time="0.003" /><testcase classname="tests.quality.static_analysis.test_complexity.TestCodeComplexity" name="test_cognitive_complexity_limit" time="0.002" /><testcase classname="tests.quality.static_analysis.test_complexity.TestCodeComplexity" name="test_class_method_count_limit" time="0.002" /><testcase classname="tests.quality.static_analysis.test_complexity.TestCodeComplexity" name="test_file_size_limit" time="0.002" /><testcase classname="tests.quality.static_analysis.test_complexity.TestCodeComplexity" name="test_function_size_limit" time="0.002" /><testcase classname="tests.quality.static_analysis.test_complexity.TestCodeComplexity" name="test_import_count_limit" time="0.002" /><testcase classname="tests.quality.static_analysis.test_mypy" name="test_mypy_check_passes" time="0.861" /><testcase classname="tests.quality.audit.test_freshness" name="test_committed_audit_stamp_exists_and_is_iso_date" time="0.004" /><testcase classname="tests.quality.static_analysis.test_quality_tools" name="test_unicode_character_inventory" time="0.936" /><testcase classname="tests.integration.workflows.test_state_management.TestStatePersistence" name="test_state_format_consistent_across_installs" time="0.104" /><testcase classname="tests.integration.cli.test_cli_integration.TestMultiFormat" name="test_remove_claude_format@cli_integration" time="7.662" /><testcase classname="tests.quality.static_analysis.test_quality_tools" name="test_mypy_type_checking_passes" time="1.777" /><testcase classname="tests.quality.static_analysis.test_quality_tools" name="test_file_encoding_validation" time="0.882" /><testcase classname="tests.quality.static_analysis.test_quality_tools" name="test_ruff_check_passes" time="0.326" /><testcase classname="tests.quality.static_analysis.test_quality_tools" name="test_ruff_format_check" time="0.001"><skipped type="pytest.skip" message="Using black exclusively for formatting - test disabled">C:\Code\personetta\tests\quality\static_analysis\test_quality_tools.py:240: Using black exclusively for formatting - test disabled</skipped></testcase><testcase classname="tests.quality.static_analysis.test_quality_tools" name="test_bandit_security_scan_passes" time="2.646" /><testcase classname="tests.integration.test_integration_install_cursor.TestInstallAllErrorHandling" name="test_conflicting_recipe_is_skipped" time="0.126" /><testcase classname="tests.quality.static_analysis.test_quality_tools" name="test_black_format_check" time="2.204" /><testcase classname="tests.quality.static_analysis.test_quality_tools" name="test_coverage_meets_threshold" time="0.001"><skipped type="pytest.skip" message="Coverage already verified by main test run with --cov flag">C:\Code\personetta\tests\quality\static_analysis\test_quality_tools.py:306: Coverage already verified by main test run with --cov flag</skipped></testcase><testcase classname="tests.quality.static_analysis.test_quality_tools" name="test_black_format_fix" time="0.001"><skipped type="pytest.skip" message="Code-modifying - run with --fix flag explicitly">C:\Code\personetta\tests\quality\static_analysis\test_quality_tools.py:398: Code-modifying - run with --fix flag explicitly</skipped></testcase><testcase classname="tests.quality.static_analysis.test_quality_tools" name="test_ruff_fix_auto_fixable_issues" time="0.001"><skipped type="pytest.skip" message="Code-modifying - run with --fix flag explicitly">C:\Code\personetta\tests\quality\static_analysis\test_quality_tools.py:414: Code-modifying - run with --fix flag explicitly</skipped></testcase><testcase classname="tests.quality.static_analysis.test_quality_tools" name="test_all_readonly_tools_parallel" time="3.079" /><testcase classname="tests.quality.static_analysis.test_quality_tools" name="test_pylint_check_passes" time="17.837" /><testcase classname="tests.integration.workflows.test_pipeline.TestFullPipelineWorkflows" name="test_install_with_filter_only_processes_matching_recipes" time="0.050" /><testcase classname="tests.quality.workspace.test_conventions" name="test_yaml_json_kebab_case" time="2.652" /><testcase classname="tests.quality.static_analysis.test_quality_tools" name="test_mutation_testing_with_mutmut" time="0.001"><skipped type="pytest.skip" message="Mutation testing is very slow - run manually with --run-mutation">C:\Code\personetta\tests\quality\static_analysis\test_quality_tools.py:345: Mutation testing is very slow - run manually with --run-mutation</skipped></testcase><testcase classname="tests.quality.workspace.test_conventions" name="test_schema_files_naming_convention" time="0.004" /><testcase classname="tests.quality.workspace.test_conventions" name="test_template_files_naming_convention" time="0.004" /><testcase classname="tests.quality.static_analysis.test_quality_tools" name="test_coverage_html_report_generation" time="0.951"><skipped type="pytest.skip" message="No coverage data found. Run: pytest --cov=src/generator --cov-report=html">C:\Code\personetta\tests\quality\static_analysis\test_quality_tools.py:298: No coverage data found. Run: pytest --cov=src/generator --cov-report=html</skipped></testcase><testcase classname="tests.quality.workspace.test_conventions" name="test_src_contains_only_python" time="0.043" /><testcase classname="tests.quality.workspace.test_conventions" name="test_single_readme_at_root" time="2.990" /><testcase classname="tests.quality.workspace.test_conventions" name="test_no_allcaps_markdown_files" time="0.790" /><testcase classname="tests.quality.workspace.test_conventions" name="test_data_contains_no_python" time="0.027" /><testcase classname="tests.quality.workspace.test_conventions" name="test_test_type_directories_exist" time="0.002" /><testcase classname="tests.quality.workspace.test_conventions" name="test_test_files_in_correct_directories" time="0.004" /><testcase classname="tests.quality.workspace.test_conventions" name="test_no_module_dirs_at_wrong_level" time="0.004" /><testcase classname="tests.quality.workspace.test_conventions" name="test_build_artifacts_gitignored" time="0.002" /><testcase classname="tests.quality.workspace.test_conventions" name="test_tool_artifacts_in_tool_stuff" time="0.002" /><testcase classname="tests.quality.workspace.test_conventions" name="test_no_out_of_place_directories" time="0.004" /><testcase classname="tests.quality.workspace.test_conventions" name="test_no_generated_files_in_tracked_dirs" time="2.328" /><testcase classname="tests.quality.workspace.test_conventions" name="test_powershell_pascal_case_with_hyphens" time="0.765" /><testcase classname="tests.quality.workspace.test_conventions" name="test_unit_tests_mirror_src_structure" time="0.003" /><testcase classname="tests.unit.cli.commands.test_check_skills.TestCheckSkillsCommand" name="test_check_skills_no_stale_skills" time="0.188" /><testcase classname="tests.unit.cli.commands.test_check_skills.TestCheckSkillsCommand" name="test_check_skills_with_stale_skills" time="0.171" /><testcase classname="tests.unit.cli.commands.test_check_skills.TestCheckSkillsCommand" name="test_check_skills_specific_format" time="0.007" /><testcase classname="tests.unit.cli.commands.test_check_skills.TestCheckSkillsCommand" name="test_check_skills_all_formats" time="0.005" /><testcase classname="tests.unit.cli.commands.test_check_skills.TestCheckSkillsCommand" name="test_check_skills_loads_all_recipes" time="0.005" /><testcase classname="tests.unit.cli.commands.test_check_skills.TestCheckSkillsCommand" name="test_check_skills_handles_missing_skills_dir" time="0.005" /><testcase classname="tests.unit.cli.commands.test_clean_skills.TestCleanSkillsCommand" name="test_clean_skills_no_orphans" time="0.006" /><testcase classname="tests.unit.cli.commands.test_clean_skills.TestCleanSkillsCommand" name="test_clean_skills_with_orphans_cancelled" time="0.005" /><testcase classname="tests.unit.cli.commands.test_clean_skills.TestCleanSkillsCommand" name="test_clean_skills_force_flag_skips_confirmation" time="0.007" /><testcase classname="tests.unit.cli.commands.test_clean_skills.TestCleanSkillsCommand" name="test_clean_skills_specific_format" time="0.001" /><testcase classname="tests.unit.cli.commands.test_clean_skills.TestCleanSkillsCommand" name="test_clean_skills_all_formats" time="0.002" /><testcase classname="tests.unit.cli.commands.test_clean_skills.TestCleanSkillsCommand" name="test_clean_skills_whatif_mode" time="0.006" /><testcase classname="tests.unit.cli.commands.test_generate.TestGenerateCommand" name="test_generate_requires_backend_or_prompt" time="0.002" /><testcase classname="tests.unit.cli.commands.test_generate.TestGenerateCommand" name="test_generate_output_requires_prompt" time="0.003" /><testcase classname="tests.unit.cli.commands.test_generate.TestGenerateCommand" name="test_generate_output_conflicts_with_all" time="0.002" /><testcase classname="tests.unit.cli.commands.test_generate.TestGenerateCommand" name="test_generate_target_requires_backend" time="0.002" /><testcase classname="tests.unit.cli.commands.test_generate.TestGenerateCommand" name="test_generate_backend_all_expands" time="0.001" /><testcase classname="tests.unit.cli.commands.test_generate.TestGenerateCommand" name="test_generate_deduplicates_backends" time="0.002" /><testcase classname="tests.unit.cli.commands.test_generate.TestGenerateCommand" name="test_generate_install_command_error_detection" time="0.002" /><testcase classname="tests.unit.cli.commands.test_install.TestInstallCommand" name="test_install_requires_format" time="0.076" /><testcase classname="tests.quality.workspace.test_conventions" name="test_no_nested_self_referential_directories" time="2.135" /><testcase classname="tests.unit.cli.commands.test_install.TestInstallCommand" name="test_install_matches_recipes_case_insensitive" time="0.006" /><testcase classname="tests.unit.cli.commands.test_install.TestInstallCommand" name="test_install_no_matches_returns_empty" time="0.002" /><testcase classname="tests.unit.cli.commands.test_install.TestInstallCommand" name="test_install_deduplicates_patterns" time="0.002" /><testcase classname="tests.unit.cli.commands.test_install.TestInstallCommand" name="test_install_prints_installed_recipes" time="0.007" /><testcase classname="tests.unit.cli.commands.test_list.TestListCommand" name="test_list_normalizes_empty_patterns" time="0.002" /><testcase classname="tests.unit.cli.commands.test_list.TestListCommand" name="test_list_normalizes_all_to_wildcard" time="0.002" /><testcase classname="tests.unit.cli.commands.test_list.TestListCommand" name="test_list_filters_case_insensitive" time="0.002" /><testcase classname="tests.unit.cli.commands.test_list.TestListCommand" name="test_list_wildcard_returns_all" time="0.001" /><testcase classname="tests.unit.cli.commands.test_list.TestListCommand" name="test_list_deduplicates_matches" time="0.001" /><testcase classname="tests.unit.cli.commands.test_list.TestListCommand" name="test_list_defaults_to_both_roles_and_recipes" time="0.640" /><testcase classname="tests.unit.cli.commands.test_list_skills.TestListSkillsCommand" name="test_list_skills_specific_format" time="0.002" /><testcase classname="tests.unit.cli.commands.test_list_skills.TestListSkillsCommand" name="test_list_skills_all_formats" time="0.002" /><testcase classname="tests.unit.cli.commands.test_list_skills.TestListSkillsCommand" name="test_list_skills_truncates_long_descriptions" time="0.002" /><testcase classname="tests.unit.cli.commands.test_list_skills.TestListSkillsCommand" name="test_list_skills_preserves_short_descriptions" time="0.002" /><testcase classname="tests.unit.cli.commands.test_list_skills.TestListSkillsCommand" name="test_list_skills_counts_total_skills" time="0.001" /><testcase classname="tests.unit.cli.commands.test_list_skills.TestListSkillsCommand" name="test_list_skills_refresh_flag_triggers_refresh" time="0.006" /><testcase classname="tests.unit.cli.commands.test_recipe.TestRecipeCommandExists" name="test_recipe_command_in_parser" time="0.021" /><testcase classname="tests.unit.cli.commands.test_recipe.TestRecipeCommandExists" name="test_recipe_command_has_required_args" time="0.031" /><testcase classname="tests.quality.workspace.test_conventions" name="test_scripts_separate_from_src" time="0.002" /><testcase classname="tests.unit.cli.commands.test_recipe.TestRecipeCommand" name="test_recipe_prints_warnings" time="0.002" /><testcase classname="tests.unit.cli.commands.test_recipe.TestRecipeCommand" name="test_recipe_fails_on_errors" time="0.011" /><testcase classname="tests.unit.cli.commands.test_recipe.TestRecipeCommand" name="test_recipe_writes_to_file" time="0.010" /><testcase classname="tests.unit.cli.commands.test_recipe.TestRecipeCommand" name="test_recipe_install_to_cache" time="0.010" /><testcase classname="tests.unit.cli.commands.test_recipe.TestRecipeCommand" name="test_recipe_prints_to_stdout" time="0.006" /><testcase classname="tests.unit.cli.commands.test_remove.TestRemoveCommand" name="test_remove_matches_case_insensitive" time="0.002" /><testcase classname="tests.unit.cli.commands.test_recipe.TestRecipeCommand" name="test_recipe_handles_install_error" time="0.011" /><testcase classname="tests.unit.cli.commands.test_remove.TestRemoveCommand" name="test_remove_deduplicates_matches" time="0.002" /><testcase classname="tests.unit.cli.commands.test_remove.TestRemoveCommand" name="test_remove_whatif_skips_removal" time="0.006" /><testcase classname="tests.unit.cli.commands.test_remove.TestRemoveCommand" name="test_remove_handles_keyboard_interrupt" time="0.007" /><testcase classname="tests.unit.cli.commands.test_remove.TestRemoveCommand" name="test_remove_yes_flag_skips_confirmation" time="0.005" /><testcase classname="tests.unit.cli.commands.test_remove.TestRemoveCommand" name="test_remove_handles_eof_error" time="0.007" /><testcase classname="tests.unit.cli.commands.test_remove.TestRemovePatternMatching" name="test_remove_single_exact_match" time="5.763" /><testcase classname="tests.unit.cli.commands.test_remove.TestRemovePatternMatching" name="test_remove_wildcard_pattern" time="5.623" /><testcase classname="tests.quality.workspace.test_conventions" name="test_no_duplicate_files" time="2.685" /><testcase classname="tests.integration.cli.test_cli_integration.TestMultiFormat" name="test_remove_cline_format@cli_integration" time="8.412" /><testcase classname="tests.unit.cli.commands.test_install.TestInstallCommand" name="test_install_whatif_shows_plan" time="0.010" /><testcase classname="tests.unit.cli.commands.test_remove.TestRemovePatternMatching" name="test_remove_empty_cache_error" time="0.867" /><testcase classname="tests.unit.cli.commands.test_remove.TestActiveRecipeHandling" name="test_remove_active_recipe_sets_new_active" time="6.336" /><testcase classname="tests.unit.cli.commands.test_remove.TestRemovePatternMatching" name="test_remove_no_matches_error" time="5.828" /><testcase classname="tests.unit.cli.commands.test_remove.TestRemovePatternMatching" name="test_remove_case_insensitive_pattern" time="6.697" /><testcase classname="tests.unit.cli.commands.test_remove.TestRemovePatternMatching" name="test_remove_multiple_patterns" time="6.878" /><testcase classname="tests.unit.cli.commands.test_remove.TestActiveRecipeHandling" name="test_remove_non_active_recipe_keeps_active" time="6.032" /><testcase classname="tests.unit.cli.commands.test_remove.TestActiveRecipeHandling" name="test_remove_all_recipes_clears_active" time="6.038" /><testcase classname="tests.integration.cli.test_cli_integration.TestRouterRegeneration" name="test_router_regenerated_after_removal@cli_integration" time="5.959" /><testcase classname="tests.unit.cli.commands.test_remove.TestConfirmationPrompt" name="test_confirmation_yes_proceeds" time="1.694" /><testcase classname="tests.unit.cli.commands.test_remove.TestConfirmationPrompt" name="test_confirmation_no_cancels" time="1.618" /><testcase classname="tests.quality.workspace.test_conventions" name="test_python_files_snake_case" time="1.113" /><testcase classname="tests.unit.cli.commands.test_remove_skill.TestRemoveSkillCommand" name="test_remove_skill_whatif_mode" time="0.011" /><testcase classname="tests.unit.cli.commands.test_remove_skill.TestRemoveSkillCommand" name="test_remove_skill_handles_nonexistent_skill" time="0.006" /><testcase classname="tests.unit.cli.commands.test_set_active.TestSetActiveCommand" name="test_set_active_whatif_shows_plan" time="0.007" /><testcase classname="tests.unit.cli.commands.test_set_active.TestSetActiveCommand" name="test_set_active_handles_unknown_format" time="0.005" /><testcase classname="tests.unit.cli.commands.test_set_active.TestSetActiveCommand" name="test_set_active_handles_file_not_found" time="0.006" /><testcase classname="tests.unit.cli.commands.test_set_active.TestSetActiveCommand" name="test_set_active_returns_destination_path" time="0.008" /><testcase classname="tests.unit.cli.commands.test_set_active.TestSetActiveCommand" name="test_set_active_success_message" time="0.006" /><testcase classname="tests.unit.cli.commands.test_set_active.TestSetActiveCommand" name="test_set_active_handles_runtime_error" time="0.005" /><testcase classname="tests.unit.cli.commands.test_skill.TestSkillCommandParser" name="test_skill_subparser_exists" time="0.020" /><testcase classname="tests.unit.cli.commands.test_skill.TestSkillCommandParser" name="test_skill_required_arguments" time="0.030" /><testcase classname="tests.unit.cli.commands.test_skill.TestSkillCommandParser" name="test_skill_optional_flags" time="0.024" /><testcase classname="tests.unit.cli.commands.test_skill.TestSkillCommandParser" name="test_skill_multiple_patterns" time="0.025" /><testcase classname="tests.unit.cli.commands.test_skill.TestSkillCommandParser" name="test_skill_short_form_flags" time="0.022" /><testcase classname="tests.unit.cli.commands.test_remove_skill.TestRemoveSkillCommand" name="test_remove_skill_no_confirmation_cancels" time="0.003" /><testcase classname="tests.unit.cli.commands.test_skill.TestSkillNameValidation" name="test_normalize_skill_name_spaces_to_hyphens" time="0.001" /><testcase classname="tests.unit.cli.commands.test_skill.TestSkillNameValidation" name="test_normalize_skill_name_underscores_to_hyphens" time="0.001" /><testcase classname="tests.unit.cli.commands.test_skill.TestSkillNameValidation" name="test_normalize_skill_name_multiple_hyphens" time="0.001" /><testcase classname="tests.unit.cli.commands.test_skill.TestSkillNameValidation" name="test_normalize_skill_name_strip_hyphens" time="0.001" /><testcase classname="tests.unit.cli.commands.test_skill.TestSkillNameValidation" name="test_normalize_skill_name_lowercase" time="0.001" /><testcase classname="tests.unit.cli.commands.test_skill.TestSkillNameValidation" name="test_validate_skill_name_valid" time="0.001" /><testcase classname="tests.unit.cli.commands.test_skill.TestSkillNameValidation" name="test_validate_skill_name_invalid_special_chars" time="0.002" /><testcase classname="tests.unit.cli.commands.test_skill.TestSkillNameValidation" name="test_validate_skill_name_invalid_length" time="0.001" /><testcase classname="tests.unit.cli.commands.test_skill.TestSkillNameValidation" name="test_validate_skill_name_invalid_start_end" time="0.001" /><testcase classname="tests.unit.cli.commands.test_skill.TestSkillCommandPatternMatching" name="test_single_pattern_matches_one_recipe" time="0.094" /><testcase classname="tests.unit.cli.commands.test_skill.TestSkillCommandPatternMatching" name="test_wildcard_pattern_matches_multiple" time="0.093" /><testcase classname="tests.unit.cli.commands.test_skill.TestSkillCommandPatternMatching" name="test_no_pattern_matches_shows_error" time="0.081" /><testcase classname="tests.unit.cli.commands.test_skill.TestSkillCommandOverwriteBehavior" name="test_skill_creates_new_directory" time="0.167" /><testcase classname="tests.unit.cli.commands.test_skill.TestSkillCommandOverwriteBehavior" name="test_force_flag_overwrites_existing" time="0.368" /><testcase classname="tests.unit.cli.commands.test_remove_skill.TestRemoveSkillCommand" name="test_remove_skill_handles_missing_directory" time="0.005" /><testcase classname="tests.unit.cli.commands.test_skill.TestSkillCommandIntegration" name="test_skill_generation_creates_all_files" time="0.181" /><testcase classname="tests.unit.cli.commands.test_skill.TestSkillCommandOverwriteBehavior" name="test_prompt_on_existing_without_force" time="0.260" /><testcase classname="tests.unit.cli.commands.test_skill.TestSkillCommandIntegration" name="test_skill_name_auto_conversion" time="0.160" /><testcase classname="tests.unit.cli.commands.test_remove_skill.TestRemoveSkillCommand" name="test_remove_skill_checks_existence" time="0.009" /><testcase classname="tests.unit.cli.commands.test_skill.TestSkillCommand" name="test_skill_validates_normalized_name" time="0.002" /><testcase classname="tests.unit.cli.commands.test_skill.TestSkillCommand" name="test_skill_matches_recipes_case_insensitive" time="0.001" /><testcase classname="tests.unit.cli.commands.test_skill.TestSkillCommand" name="test_skill_deduplicates_recipe_matches" time="0.001" /><testcase classname="tests.unit.cli.commands.test_skill.TestSkillCommand" name="test_skill_whatif_shows_plan" time="0.005" /><testcase classname="tests.unit.cli.commands.test_skill.TestSkillCommand" name="test_skill_handles_empty_skill_name" time="0.002" /><testcase classname="tests.unit.cli.commands.test_update_skill.TestUpdateSkillCommand" name="test_update_skill_validates_args" time="0.002" /><testcase classname="tests.unit.cli.commands.test_update_skill.TestUpdateSkillCommand" name="test_update_skill_requires_format_with_name" time="0.002" /><testcase classname="tests.unit.cli.commands.test_skill.TestSkillCommandIntegration" name="test_skill_name_invalid_fails" time="0.086" /><testcase classname="tests.unit.cli.commands.test_update_skill.TestUpdateSkillCommand" name="test_update_skill_force_skips_confirmation" time="0.005" /><testcase classname="tests.unit.cli.commands.test_update_skill.TestUpdateSkillCommand" name="test_update_skill_loads_current_recipes" time="0.001" /><testcase classname="tests.unit.cli.commands.test_update_skill.TestUpdateSkillCommand" name="test_update_skill_user_cancels_update" time="0.005" /><testcase classname="tests.unit.cli.commands.test_skill.TestSkillCommand" name="test_skill_normalizes_name" time="0.002" /><testcase classname="tests.unit.cli.commands.test_skill.TestSkillCommandWhatIfMode" name="test_whatif_shows_plan_no_creation" time="0.081" /><testcase classname="tests.unit.cli.commands.test_validate.TestValidateCommand" name="test_validate_all_files_valid" time="0.005" /><testcase classname="tests.unit.cli.commands.test_validate.TestValidateCommand" name="test_validate_shows_file_paths" time="0.006" /><testcase classname="tests.unit.cli.commands.test_validate.TestValidateCommand" name="test_validate_counts_total_errors" time="0.005" /><testcase classname="tests.unit.cli.commands.test_validate.TestValidateCommand" name="test_validate_returns_zero_on_success" time="0.005" /><testcase classname="tests.unit.cli.commands.test_validate.TestValidateCommand" name="test_validate_returns_one_on_failure" time="0.005" /><testcase classname="tests.unit.cli.test_cursor_hooks" name="test_install_all_cursor_calls_publish_cursor_skills" time="2.579" /><testcase classname="tests.unit.cli.test_cursor_hooks" name="test_install_all_cursor_calls_emit_sync_on_global_target" time="2.715" /><testcase classname="tests.unit.cli.commands.test_update_skill.TestUpdateSkillCommand" name="test_update_skill_whatif_shows_plan" time="0.007" /><testcase classname="tests.unit.cli.test_install_patterns" name="test_install_all_pattern_with_copilot" time="2.757" /><testcase classname="tests.unit.cli.commands.test_validate.TestValidateCommand" name="test_validate_with_errors" time="0.006" /><testcase classname="tests.unit.cli.test_install_patterns" name="test_install_multiple_patterns" time="1.117" /><testcase classname="tests.unit.cli.commands.test_remove_skill.TestRemoveSkillCommand" name="test_remove_skill_force_flag_skips_confirmation" time="0.001" /><testcase classname="tests.unit.cli.test_install_patterns" name="test_install_case_insensitive_matching" time="0.863" /><testcase classname="tests.integration.cli.test_cli_integration.TestUIFeedback" name="test_shows_recipes_to_be_removed@cli_integration" time="2.339" /><testcase classname="tests.unit.cli.test_install_patterns" name="test_install_no_matches_shows_helpful_error" time="0.081" /><testcase classname="tests.unit.cli.test_install_patterns" name="test_install_with_cursor_format" time="2.715" /><testcase classname="tests.unit.cli.test_install_patterns" name="test_install_exact_name_pattern" time="0.288" /><testcase classname="tests.unit.cli.test_install_patterns" name="test_install_with_cline_format" time="2.904" /><testcase classname="tests.unit.cli.test_cursor_hooks" name="test_set_active_cursor_calls_emit_sync" time="2.824" /><testcase classname="tests.unit.cli.test_install_patterns" name="test_install_requires_format_flag" time="0.021" /><testcase classname="tests.unit.cli.test_install_patterns" name="test_install_middleground_pattern" time="0.779" /><testcase classname="tests.integration.cli.test_cli_integration.TestUIFeedback" name="test_shows_active_marker_in_list@cli_integration" time="4.647" /><testcase classname="tests.unit.cli.test_install_patterns" name="test_install_single_wildcard_pattern" time="0.908" /><testcase classname="tests.unit.cli.test_install_patterns" name="test_install_deduplicates_recipes" time="1.371" /><testcase classname="tests.unit.cli.test_install_patterns" name="test_install_help_shows_pattern_examples" time="0.024" /><testcase classname="tests.unit.cli.test_list_patterns" name="test_list_single_pattern" time="0.572" /><testcase classname="tests.unit.cli.test_install_patterns" name="test_install_with_claude_format" time="2.993" /><testcase classname="tests.unit.cli.test_list_patterns" name="test_list_multiple_patterns" time="0.563" /><testcase classname="tests.unit.cli.test_install_patterns" name="test_install_question_mark_wildcard" time="0.101" /><testcase classname="tests.unit.cli.test_list_patterns" name="test_list_roles_only_with_pattern" time="0.520" /><testcase classname="tests.unit.cli.test_list_patterns" name="test_list_case_insensitive" time="0.516" /><testcase classname="tests.unit.cli.test_list_patterns" name="test_list_no_args_shows_all" time="0.579" /><testcase classname="tests.unit.cli.test_list_patterns" name="test_list_recipes_only_with_pattern" time="0.090" /><testcase classname="tests.unit.cli.test_list_patterns" name="test_list_middleground_pattern" time="0.572" /><testcase classname="tests.unit.cli.test_list_patterns" name="test_list_question_mark_wildcard" time="0.526" /><testcase classname="tests.unit.cli.test_install_patterns" name="test_install_character_class_wildcard" time="0.831" /><testcase classname="tests.unit.cli.test_list_patterns" name="test_list_character_class_wildcard" time="0.600" /><testcase classname="tests.unit.cli.test_list_patterns" name="test_list_deduplicates_results" time="0.646" /><testcase classname="tests.unit.cli.test_list_patterns" name="test_list_all_literal_becomes_wildcard" time="0.639" /><testcase classname="tests.unit.core.test_formatter" name="test_format_role_cursor_always_apply_kwarg" time="0.003" /><testcase classname="tests.unit.core.test_formatter.TestHumanize" name="test_single_word" time="0.001" /><testcase classname="tests.unit.core.test_formatter.TestBuildFrontmatter" name="test_basic_frontmatter" time="0.001" /><testcase classname="tests.unit.core.test_formatter.TestBuildFrontmatter" name="test_escapes_double_quotes" time="0.001" /><testcase classname="tests.unit.core.test_formatter.TestBuildFrontmatter" name="test_always_apply_defaults_true" time="0.001" /><testcase classname="tests.unit.core.test_formatter.TestBuildFrontmatter" name="test_always_apply_can_be_false" time="0.001" /><testcase classname="tests.unit.core.test_formatter.TestBuildFrontmatter" name="test_is_valid_yaml" time="0.001" /><testcase classname="tests.unit.core.test_formatter.TestBuildFrontmatter" name="test_does_not_contain_globs" time="0.001" /><testcase classname="tests.unit.core.test_formatter.TestBuildFrontmatter" name="test_has_exactly_two_fields" time="0.001" /><testcase classname="tests.unit.core.test_formatter.TestBuildFrontmatter" name="test_em_dash_in_description" time="0.001" /><testcase classname="tests.unit.core.test_formatter.TestBuildFrontmatter" name="test_colon_in_description" time="0.001" /><testcase classname="tests.unit.core.test_formatter.TestBuildFrontmatter" name="test_single_quotes_in_description" time="0.002" /><testcase classname="tests.unit.core.test_formatter.TestBuildFrontmatter" name="test_long_description" time="0.004" /><testcase classname="tests.unit.core.test_formatter.TestBuildFrontmatter" name="test_starts_and_ends_with_fences" time="0.001" /><testcase classname="tests.unit.core.test_formatter.TestReplaceCursorFrontmatter" name="test_prepends_frontmatter_when_body_has_no_fence" time="0.001" /><testcase classname="tests.unit.core.test_formatter.TestReplaceCursorFrontmatter" name="test_replaces_existing_frontmatter" time="0.001" /><testcase classname="tests.unit.core.test_formatter.TestReplaceCursorFrontmatter" name="test_opening_fence_without_closing_prepends_new_frontmatter" time="0.001" /><testcase classname="tests.unit.core.test_formatter.TestBuildCursorBaselineMarkdown" name="test_baseline_references_operating_contract_and_active_file" time="0.001" /><testcase classname="tests.unit.core.test_formatter.TestBuildCursorRouterMarkdown" name="test_empty_recipe_rows_still_has_header_and_always_apply_false" time="0.001" /><testcase classname="tests.unit.core.test_formatter.TestBuildCursorRouterMarkdown" name="test_router_warns_on_boundaries_violation_redirect" time="0.001" /><testcase classname="tests.unit.core.test_formatter.TestBuildCursorRouterMarkdown" name="test_includes_recipe_sections_and_activation_phrases" time="0.001" /><testcase classname="tests.unit.core.test_formatter.TestCursorFormat" name="test_includes_frontmatter" time="0.001" /><testcase classname="tests.unit.core.test_formatter.TestCursorFormat" name="test_frontmatter_before_title" time="0.001" /><testcase classname="tests.unit.core.test_formatter.TestCursorFormat" name="test_no_frontmatter_without_description" time="0.001" /><testcase classname="tests.unit.core.test_formatter.TestCursorFormat" name="test_no_frontmatter_with_whitespace_only_description" time="0.001" /><testcase classname="tests.unit.core.test_formatter.TestCursorFormat" name="test_frontmatter_is_parseable_yaml" time="0.002" /><testcase classname="tests.unit.core.test_formatter.TestCursorFormat" name="test_frontmatter_description_matches_recipe_description" time="0.001" /><testcase classname="tests.unit.core.test_formatter.TestCursorFormat" name="test_frontmatter_does_not_include_globs" time="0.001" /><testcase classname="tests.unit.core.test_formatter.TestCursorFormat" name="test_includes_title" time="0.001" /><testcase classname="tests.unit.core.test_formatter.TestCursorFormat" name="test_includes_operating_contract_and_recipe_anchor" time="0.001" /><testcase classname="tests.unit.core.test_formatter.TestCursorFormat" name="test_model_blockquote_before_main_title" time="0.001" /><testcase classname="tests.unit.core.test_formatter.TestCursorFormat" name="test_includes_responsibilities" time="0.001" /><testcase classname="tests.unit.core.test_formatter.TestCursorFormat" name="test_includes_boundaries" time="0.001" /><testcase classname="tests.unit.core.test_formatter.TestCursorFormat" name="test_includes_guidelines" time="0.001" /><testcase classname="tests.unit.core.test_formatter.TestCursorFormat" name="test_includes_tools" time="0.001" /><testcase classname="tests.unit.core.test_formatter.TestCursorFormat" name="test_includes_tone" time="0.001" /><testcase classname="tests.unit.core.test_formatter.TestCursorFormat" name="test_includes_examples" time="0.001" /><testcase classname="tests.unit.core.test_formatter.TestCursorFormat" name="test_includes_source_roles" time="0.001" /><testcase classname="tests.unit.core.test_formatter.TestCursorFormat" name="test_handles_minimal_role" time="0.001" /><testcase classname="tests.unit.core.test_formatter.TestCopilotFormat" name="test_includes_title" time="0.002" /><testcase classname="tests.unit.core.test_formatter.TestCopilotFormat" name="test_uses_you_should_heading" time="0.001" /><testcase classname="tests.unit.core.test_formatter.TestCopilotFormat" name="test_uses_you_should_not_heading" time="0.001" /><testcase classname="tests.unit.cli.test_list_patterns" name="test_list_help_shows_pattern_info" time="0.021" /><testcase classname="tests.unit.core.test_formatter.TestCopilotFormat" name="test_includes_preferred_tools" time="0.001" /><testcase classname="tests.unit.core.test_formatter.TestCopilotFormat" name="test_no_frontmatter_in_copilot" time="0.002" /><testcase classname="tests.unit.core.test_formatter.TestClaudeFormat" name="test_uses_markdown_structure" time="0.001" /><testcase classname="tests.unit.core.test_formatter.TestClaudeFormat" name="test_includes_responsibilities_markdown" time="0.001" /><testcase classname="tests.unit.core.test_formatter.TestClaudeFormat" name="test_includes_boundaries_markdown" time="0.001" /><testcase classname="tests.unit.core.test_formatter.TestClaudeFormat" name="test_includes_guidelines_markdown" time="0.001" /><testcase classname="tests.unit.core.test_formatter.TestClaudeFormat" name="test_includes_tools_markdown" time="0.001" /><testcase classname="tests.unit.core.test_formatter.TestCopilotFormat" name="test_handles_minimal_role" time="0.003" /><testcase classname="tests.unit.core.test_formatter.TestClaudeFormat" name="test_includes_tone_markdown" time="0.001" /><testcase classname="tests.unit.core.test_formatter.TestClaudeFormat" name="test_handles_minimal_role" time="0.001" /><testcase classname="tests.unit.core.test_formatter.TestClaudeFormat" name="test_includes_examples_markdown" time="0.001" /><testcase classname="tests.unit.core.test_formatter.TestToolWhenField" name="test_cursor_renders_when" time="0.002" /><testcase classname="tests.unit.core.test_formatter.TestClaudeFormat" name="test_no_frontmatter_in_claude" time="0.001" /><testcase classname="tests.unit.core.test_formatter.TestToolWhenField" name="test_cursor_omits_when_if_absent" time="0.002" /><testcase classname="tests.unit.core.test_formatter.TestToolWhenField" name="test_copilot_renders_when" time="0.001" /><testcase classname="tests.unit.core.test_formatter.TestToolWhenField" name="test_claude_omits_when_if_absent" time="0.002" /><testcase classname="tests.unit.core.test_formatter.TestToolWhenField" name="test_claude_renders_when_as_markdown" time="0.001" /><testcase classname="tests.unit.core.test_formatter.TestModelRecommendation" name="test_cursor_shows_rationale" time="0.001" /><testcase classname="tests.unit.core.test_formatter.TestModelRecommendation" name="test_cursor_shows_recommendation" time="0.001" /><testcase classname="tests.unit.core.test_formatter.TestModelRecommendation" name="test_cursor_shows_surfacing_instruction" time="0.001" /><testcase classname="tests.unit.core.test_formatter.TestModelRecommendation" name="test_copilot_shows_recommendation" time="0.002" /><testcase classname="tests.unit.core.test_formatter.TestModelRecommendation" name="test_copilot_shows_surfacing_instruction" time="0.002" /><testcase classname="tests.unit.core.test_formatter.TestModelRecommendation" name="test_claude_shows_recommendation_markdown" time="0.002" /><testcase classname="tests.unit.core.test_formatter.TestModelRecommendation" name="test_claude_shows_surfacing_instruction" time="0.001" /><testcase classname="tests.unit.core.test_formatter.TestModelRecommendation" name="test_no_recommendation_when_absent" time="0.001" /><testcase classname="tests.unit.core.test_formatter.TestModelRecommendation" name="test_fast_tier_no_thinking_label" time="0.001" /><testcase classname="tests.unit.core.test_formatter.TestModelRecommendation" name="test_advanced_tier_extended_thinking_label" time="0.001" /><testcase classname="tests.unit.core.test_formatter.TestVerificationSection" name="test_cursor_renders_verification_heading" time="0.001" /><testcase classname="tests.unit.core.test_formatter.TestVerificationSection" name="test_cursor_renders_command_check" time="0.001" /><testcase classname="tests.unit.core.test_formatter.TestVerificationSection" name="test_copilot_renders_verification" time="0.001" /><testcase classname="tests.unit.core.test_formatter.TestVerificationSection" name="test_cursor_renders_self_assess_check" time="0.001" /><testcase classname="tests.unit.core.test_formatter.TestVerificationSection" name="test_cline_renders_verification" time="0.001" /><testcase classname="tests.unit.core.test_formatter.TestVerificationSection" name="test_claude_renders_verification_markdown" time="0.001" /><testcase classname="tests.unit.core.test_formatter.TestVerificationSection" name="test_no_verification_when_absent" time="0.001" /><testcase classname="tests.unit.core.test_formatter.TestVerificationSection" name="test_claude_self_assess_markdown" time="0.001" /><testcase classname="tests.unit.core.test_formatter.TestComplianceFooter" name="test_cursor_compliance_after_verification" time="0.001" /><testcase classname="tests.unit.core.test_formatter.TestComplianceFooter" name="test_cursor_has_compliance_section" time="0.001" /><testcase classname="tests.unit.core.test_formatter.TestHumanize" name="test_hyphens_to_title" time="0.003" /><testcase classname="tests.unit.core.test_formatter.TestComplianceFooter" name="test_cursor_compliance_instruction_content" time="0.001" /><testcase classname="tests.unit.core.test_formatter.TestComplianceFooter" name="test_copilot_has_compliance_section" time="0.001" /><testcase classname="tests.unit.core.test_formatter.TestComplianceFooter" name="test_cline_has_compliance_section" time="0.002" /><testcase classname="tests.unit.core.test_formatter.TestComplianceFooter" name="test_claude_has_compliance_section" time="0.001" /><testcase classname="tests.unit.core.test_formatter.TestComplianceFooter" name="test_minimal_role_still_has_compliance" time="0.001" /><testcase classname="tests.unit.core.test_formatter.TestGetFormatter" name="test_returns_cursor_formatter" time="0.001" /><testcase classname="tests.unit.core.test_formatter.TestGetFormatter" name="test_returns_copilot_formatter" time="0.001" /><testcase classname="tests.unit.core.test_formatter.TestComplianceFooter" name="test_compliance_is_last_section_cursor" time="0.001" /><testcase classname="tests.unit.core.test_formatter.TestGetFormatter" name="test_returns_claude_formatter" time="0.001" /><testcase classname="tests.unit.core.test_formatter.TestGetFormatter" name="test_unknown_format_raises" time="0.001" /><testcase classname="tests.unit.core.test_formatter.TestGetFormatter" name="test_returns_cline_formatter" time="0.001" /><testcase classname="tests.unit.core.test_formatter.TestFormatRole" name="test_cline_matches_copilot_markdown" time="0.002" /><testcase classname="tests.unit.core.test_formatter.TestFormatRole" name="test_dispatches_to_correct_formatter" time="0.002" /><testcase classname="tests.unit.core.test_loader.TestLoadYaml" name="test_load_valid_yaml" time="0.010" /><testcase classname="tests.unit.core.test_loader.TestLoadYaml" name="test_load_non_mapping_raises" time="0.006" /><testcase classname="tests.unit.core.test_loader.TestLoadYaml" name="test_load_invalid_yaml_raises" time="0.007" /><testcase classname="tests.unit.core.test_loader.TestLoadYaml" name="test_load_missing_file_raises" time="0.006" /><testcase classname="tests.unit.core.test_loader.TestResolveRolePath" name="test_full_path_with_slashes" time="0.008" /><testcase classname="tests.unit.core.test_loader.TestResolveRolePath" name="test_language_specific_path" time="0.009" /><testcase classname="tests.unit.core.test_loader.TestResolveRolePath" name="test_short_name_resolves_to_mixins" time="0.007" /><testcase classname="tests.unit.core.test_loader.TestResolveRolePath" name="test_short_name_no_slashes" time="0.007" /><testcase classname="tests.unit.core.test_loader.TestLoadRole" name="test_load_valid_role" time="0.042" /><testcase classname="tests.unit.core.test_loader.TestLoadRole" name="test_load_mixin_by_short_name" time="0.043" /><testcase classname="tests.unit.core.test_loader.TestLoadRole" name="test_load_role_missing_name_raises" time="0.012" /><testcase classname="tests.unit.core.test_loader.TestLoadRole" name="test_load_missing_role_raises" time="0.044" /><testcase classname="tests.unit.core.test_loader.TestLoadRole" name="test_load_role_missing_responsibilities_raises" time="0.013" /><testcase classname="tests.unit.core.test_loader.TestLoadRecipe" name="test_load_by_name" time="0.045" /><testcase classname="tests.unit.core.test_loader.TestLoadRecipe" name="test_load_by_path" time="0.042" /><testcase classname="tests.unit.core.test_loader.TestLoadRecipe" name="test_load_missing_recipe_raises" time="0.039" /><testcase classname="tests.unit.core.test_loader.TestLoadRecipe" name="test_load_recipe_missing_compose_raises" time="0.010" /><testcase classname="tests.unit.core.test_loader.TestLoadRecipeRoles" name="test_loads_compose_and_mixin_roles" time="0.048" /><testcase classname="tests.unit.core.test_loader.TestLoadRecipeRoles" name="test_recipe_with_no_mixins" time="0.044" /><testcase classname="tests.unit.core.test_loader.TestLoadRecipeRoles" name="test_missing_compose_role_raises" time="0.038" /><testcase classname="tests.unit.core.test_loader.TestLoadMergeConfig" name="test_loads_config" time="0.045" /><testcase classname="tests.unit.core.test_loader.TestListRoles" name="test_role_entries_have_required_fields" time="0.071" /><testcase classname="tests.unit.core.test_loader.TestListRoles" name="test_lists_all_roles" time="0.074" /><testcase classname="tests.unit.core.test_formatter.TestHumanize" name="test_underscores_to_title" time="0.003" /><testcase classname="tests.unit.core.test_merge_config" name="test_parse_field_strategies_yaml_overrides_default" time="0.001" /><testcase classname="tests.unit.core.test_merge_config" name="test_parse_field_strategies_union_by_key_custom_field" time="0.001" /><testcase classname="tests.unit.core.test_merge_config" name="test_merge_roles_respects_yaml_union_by_key_field_name" time="0.001" /><testcase classname="tests.unit.core.test_merger.TestMergeUnion" name="test_combines_unique_items" time="0.002" /><testcase classname="tests.unit.core.test_merger.TestMergeUnion" name="test_deduplicates_exact_matches" time="0.002" /><testcase classname="tests.unit.core.test_loader.TestListRecipes" name="test_activation_phrases_on_real_recipe" time="0.073" /><testcase classname="tests.unit.core.test_merger.TestMergeUnion" name="test_preserves_first_occurrence_order" time="0.001" /><testcase classname="tests.unit.core.test_merger.TestMergeUnionDedup" name="test_same_as_union_for_exact_matches" time="0.001" /><testcase classname="tests.unit.core.test_merger.TestMergeUnionByKey" name="test_deduplicates_by_key" time="0.001" /><testcase classname="tests.unit.core.test_loader.TestListRecipes" name="test_recipe_entries_have_required_fields" time="0.049" /><testcase classname="tests.unit.core.test_merger.TestMergeUnionByKey" name="test_first_wins_on_key_collision" time="0.001" /><testcase classname="tests.unit.core.test_merger.TestMergeUnionByKey" name="test_handles_missing_field" time="0.001" /><testcase classname="tests.unit.core.test_merge_config" name="test_repo_merge_config_includes_verification_strategy" time="0.015" /><testcase classname="tests.unit.core.test_merger.TestMergeAppend" name="test_keeps_all_including_duplicates" time="0.001" /><testcase classname="tests.unit.core.test_merger.TestMergePriority" name="test_first_non_none_wins" time="0.001" /><testcase classname="tests.unit.core.test_merger.TestMergePriority" name="test_skips_missing_fields" time="0.001" /><testcase classname="tests.unit.core.test_merger.TestMergePriority" name="test_returns_none_when_all_missing" time="0.001" /><testcase classname="tests.unit.core.test_merger.TestMergePriority" name="test_skips_none_values" time="0.001" /><testcase classname="tests.unit.core.test_loader.TestListRecipes" name="test_lists_all_recipes" time="0.048" /><testcase classname="tests.unit.core.test_merger.TestMergeAppend" name="test_handles_missing_field" time="0.001" /><testcase classname="tests.unit.core.test_merger.TestDeepMerge" name="test_merges_flat_dicts" time="0.001" /><testcase classname="tests.unit.core.test_merger.TestDeepMerge" name="test_later_values_override" time="0.001" /><testcase classname="tests.unit.core.test_merger.TestDeepMerge" name="test_recursive_merge" time="0.001" /><testcase classname="tests.unit.core.test_merger.TestMergeUnion" name="test_handles_missing_field" time="0.001" /><testcase classname="tests.unit.core.test_merger.TestDeepMerge" name="test_does_not_mutate_original" time="0.001" /><testcase classname="tests.unit.core.test_merger.TestDeepMerge" name="test_merge_deep_across_roles" time="0.001" /><testcase classname="tests.unit.core.test_merger.TestMergeRoles" name="test_deduplicates_shared_guidelines" time="0.001" /><testcase classname="tests.unit.core.test_merger.TestMergeRoles" name="test_merges_all_field_types" time="0.002" /><testcase classname="tests.unit.core.test_merger.TestMergeMixins" name="test_mixins_do_not_override_tone" time="0.001" /><testcase classname="tests.unit.core.test_merger.TestMergeMixins" name="test_mixins_do_not_override_output_format" time="0.002" /><testcase classname="tests.unit.core.test_merger.TestApplyOverrides" name="test_overrides_existing_field" time="0.001" /><testcase classname="tests.unit.core.test_merger.TestMergeMixins" name="test_mixins_add_responsibilities" time="0.002" /><testcase classname="tests.unit.core.test_merger.TestApplyOverrides" name="test_adds_new_field" time="0.001" /><testcase classname="tests.unit.core.test_merger.TestDetectConflicts" name="test_detects_responsibility_contradiction" time="0.001" /><testcase classname="tests.unit.core.test_merger.TestApplyOverrides" name="test_does_not_mutate_original" time="0.001" /><testcase classname="tests.unit.core.test_merger.TestDetectConflicts" name="test_no_contradiction_passes" time="0.001" /><testcase classname="tests.unit.core.test_merger.TestDetectConflicts" name="test_detects_mutually_exclusive_tools" time="0.001" /><testcase classname="tests.unit.core.test_merger.TestDetectConflicts" name="test_non_conflicting_tools_pass" time="0.001" /><testcase classname="tests.unit.core.test_merger.TestDetectConflicts" name="test_uses_merge_config_for_known_conflicts" time="0.001" /><testcase classname="tests.unit.core.test_merger.TestDetectConflicts" name="test_empty_composed_no_errors" time="0.001" /><testcase classname="tests.unit.core.test_merger.TestComposeRecipe" name="test_full_composition" time="0.002" /><testcase classname="tests.unit.core.test_merger.TestComposeRecipe" name="test_composition_with_overrides" time="0.001" /><testcase classname="tests.unit.core.test_merger.TestComposeRecipe" name="test_records_source_roles" time="0.002" /><testcase classname="tests.unit.core.test_merger.TestComposeRecipe" name="test_includes_model_recommendation" time="0.001" /><testcase classname="tests.unit.core.test_me
[...]
or.TestMissingSections" name="test_prints_warning_for_missing_guidelines" time="0.003" /><testcase classname="tests.unit.test_skill_generator.TestMissingSections" name="test_handles_missing_verification" time="0.003" /><testcase classname="tests.unit.test_skill_generator.TestMissingSections" name="test_handles_missing_tools" time="0.002" /><testcase classname="tests.unit.test_skill_generator.TestTemplateLoading" name="test_loads_criteria_template" time="0.003" /><testcase classname="tests.unit.test_skill_generator.TestDirectoryStructure" name="test_creates_templates_subdirectory" time="0.015" /><testcase classname="tests.unit.test_skill_generator.TestDirectoryStructure" name="test_create_skill_directory" time="0.015" /><testcase classname="tests.unit.test_skill_generator.TestDirectoryStructure" name="test_writes_criteria_file" time="0.014" /><testcase classname="tests.unit.test_skill_generator.TestFullGeneration" name="test_generates_complete_skill_from_recipe" time="0.086" /><testcase classname="tests.unit.test_skill_generator.TestDirectoryStructure" name="test_writes_checklist_file" time="0.023" /><testcase classname="tests.unit.test_skill_generator.TestDirectoryStructure" name="test_writes_skill_md_file" time="0.077" /><testcase classname="tests.unit.test_skill_generator.TestDirectoryStructure" name="test_creates_references_subdirectory" time="0.086" /><testcase classname="tests.unit.test_skill_generator.TestFullGeneration" name="test_generates_minimal_skill_from_minimal_recipe" time="0.079" /><testcase classname="tests.unit.test_skill_generator.TestFullGeneration" name="test_skill_md_has_valid_yaml_frontmatter" time="0.059" /><testcase classname="tests.unit.test_skill_generator.TestDirectoryStructure" name="test_skips_criteria_file_when_no_guidelines" time="0.055" /><testcase classname="tests.unit.test_skill_generator.TestDirectoryStructure" name="test_writes_readme_file" time="0.017" /><testcase classname="tests.unit.test_skill_generator.TestSanitizeScriptName" name="test_converts_to_lowercase" time="0.001" /><testcase classname="tests.unit.test_skill_generator.TestSanitizeScriptName" name="test_replaces_dots_with_hyphens" time="0.002" /><testcase classname="tests.unit.test_skill_generator.TestExtractToolCommands" name="test_extracts_tools_from_recipe" time="0.002" /><testcase classname="tests.unit.test_skill_generator.TestSanitizeScriptName" name="test_removes_special_characters" time="0.001" /><testcase classname="tests.unit.test_skill_generator.TestFullGeneration" name="test_generates_for_different_formats" time="0.105" /><testcase classname="tests.unit.test_skill_generator.TestGenerateShellScript" name="test_generates_shell_script_with_shebang" time="0.002" /><testcase classname="tests.unit.test_skill_generator.TestExtractToolCommands" name="test_returns_empty_list_when_no_tools" time="0.002" /><testcase classname="tests.unit.test_skill_generator.TestExtractToolCommands" name="test_skips_tools_without_command" time="0.001" /><testcase classname="tests.unit.test_skill_generator.TestGenerateShellScript" name="test_includes_tool_purpose_as_comment" time="0.002" /><testcase classname="tests.unit.test_skill_generator.TestSanitizeScriptName" name="test_replaces_spaces_with_hyphens" time="0.001" /><testcase classname="tests.unit.test_skill_generator.TestGenerateShellScript" name="test_preserves_multiline_commands" time="0.001" /><testcase classname="tests.unit.test_skill_generator.TestGenerateShellScript" name="test_includes_command_in_script" time="0.001" /><testcase classname="tests.unit.test_skill_generator.TestGeneratePowerShellScript" name="test_generates_powershell_script_with_comment_header" time="0.002" /><testcase classname="tests.unit.test_skill_generator.TestGeneratePowerShellScript" name="test_includes_command_in_script" time="0.002" /><testcase classname="tests.unit.test_skill_generator.TestGeneratePowerShellScript" name="test_uses_powershell_line_continuation" time="0.002" /><testcase classname="tests.unit.test_skill_generator.TestScriptGeneration" name="test_generates_scripts_directory" time="0.042" /><testcase classname="tests.unit.test_skill_generator.TestScriptGeneration" name="test_generates_both_sh_and_ps1_scripts" time="0.047" /><testcase classname="tests.unit.test_skill_generator.TestScriptGeneration" name="test_script_names_are_sanitized" time="0.038" /><testcase classname="tests.unit.test_skill_generator.TestScriptGeneration" name="test_handles_duplicate_tool_names" time="0.039" /><testcase classname="tests.unit.test_skill_generator.TestScriptGeneration" name="test_shell_scripts_are_executable" time="0.001"><skipped type="pytest.skip" message="Unix file permissions test">C:\Code\personetta\tests\unit\test_skill_generator.py:926: Unix file permissions test</skipped></testcase><testcase classname="tests.unit.test_skill_metadata.TestRecipeHashComputation" name="test_compute_hash_returns_sha256_string" time="0.001" /><testcase classname="tests.unit.test_skill_metadata.TestRecipeHashComputation" name="test_identical_recipes_produce_identical_hashes" time="0.002" /><testcase classname="tests.unit.test_skill_metadata.TestRecipeHashComputation" name="test_key_order_does_not_affect_hash" time="0.002" /><testcase classname="tests.unit.test_skill_generator.TestScriptGeneration" name="test_skips_scripts_when_no_tools" time="0.036" /><testcase classname="tests.unit.test_skill_metadata.TestMetadataCreation" name="test_create_metadata_includes_all_required_fields" time="0.006" /><testcase classname="tests.unit.test_skill_generator.TestScriptGeneration" name="test_combines_tools_from_multiple_recipes" time="0.045" /><testcase classname="tests.unit.test_skill_metadata.TestMetadataCreation" name="test_metadata_format_matches_parameter" time="0.006" /><testcase classname="tests.unit.test_skill_metadata.TestMetadataCreation" name="test_metadata_timestamp_is_iso8601" time="0.007" /><testcase classname="tests.unit.test_skill_generator.TestSanitizeScriptName" name="test_collapses_multiple_hyphens" time="0.002" /><testcase classname="tests.unit.test_skill_metadata.TestMetadataCreation" name="test_metadata_includes_version_from_pyproject" time="0.012" /><testcase classname="tests.unit.test_skill_metadata.TestMetadataCreation" name="test_multi_recipe_metadata_lists_all_sources" time="0.006" /><testcase classname="tests.unit.test_skill_metadata.TestMetadataCreation" name="test_source_recipes_contains_recipe_details" time="0.006" /><testcase classname="tests.unit.test_skill_metadata.TestRecipeHashComputation" name="test_different_recipes_produce_different_hashes" time="0.001" /><testcase classname="tests.unit.test_skill_metadata.TestMetadataFileWriting" name="test_metadata_file_is_valid_json" time="0.031" /><testcase classname="tests.unit.test_skill_metadata.TestMetadataFileWriting" name="test_generate_creates_metadata_file" time="0.036" /><testcase classname="tests.unit.test_skill_metadata.TestMetadataFileWriting" name="test_metadata_file_contains_expected_structure" time="0.030" /><testcase classname="tests.unit.test_skill_metadata.TestMetadataCreation" name="test_metadata_skill_name_matches_parameter" time="0.010" /><testcase classname="tests.unit.test_skills_composer.TestLoadTemplate" name="test_load_missing_template_raises" time="0.014" /><testcase classname="tests.unit.test_skills_composer.TestRenderReadme" name="test_render_with_custom_values" time="0.012" /><testcase classname="tests.unit.test_skills_composer.TestLoadTemplate" name="test_load_existing_template" time="0.012" /><testcase classname="tests.unit.test_skills_composer.TestRenderSkillMd" name="test_render_with_missing_related_skills" time="0.014" /><testcase classname="tests.unit.test_skills_composer.TestRenderSkillMd" name="test_render_with_missing_fields" time="0.012" /><testcase classname="tests.unit.test_skills_composer.TestRenderReadme" name="test_render_uses_defaults" time="0.013" /><testcase classname="tests.unit.test_skills_composer.TestRenderSkillMd" name="test_render_with_all_fields" time="0.016" /><testcase classname="tests.unit.test_skills_composer.TestRenderReadme" name="test_get_readme_defaults_no_skill_name" time="0.012" /><testcase classname="tests.unit.test_skills_composer.TestRenderReadme" name="test_get_readme_defaults" time="0.013" /><testcase classname="tests.unit.test_skills_composer.TestRenderCriteria" name="test_render_criteria_with_guidelines" time="0.012" /><testcase classname="tests.unit.test_skills_composer.TestRenderChecklist" name="test_render_checklist_with_items" time="0.013" /><testcase classname="tests.unit.test_skills_composer.TestRenderCriteria" name="test_render_criteria_empty" time="0.014" /><testcase classname="tests.unit.test_skills_composer.TestRenderChecklist" name="test_render_checklist_empty" time="0.015" /><testcase classname="tests.unit.test_skills_composer.TestExtractDescription" name="test_extract_description_present" time="0.015" /><testcase classname="tests.unit.test_skills_composer.TestExtractDescription" name="test_extract_description_missing" time="0.010" /><testcase classname="tests.unit.test_skills_composer.TestExtractDescription" name="test_extract_description_empty" time="0.010" /><testcase classname="tests.unit.test_skills_composer.TestExtractWhenToUse" name="test_extract_when_list" time="0.012" /><testcase classname="tests.unit.test_skills_composer.TestExtractWhenToUse" name="test_extract_when_list_dict_items" time="0.012" /><testcase classname="tests.unit.test_skills_composer.TestExtractWhenToUse" name="test_extract_when_empty" time="0.010" /><testcase classname="tests.unit.test_skills_composer.TestExtractWhenToUse" name="test_extract_when_list_mixed_types" time="0.013" /><testcase classname="tests.unit.test_skills_composer.TestExtractWhenToUse" name="test_extract_when_missing" time="0.012" /><testcase classname="tests.unit.test_skills_composer.TestExtractProcedure" name="test_extract_steps_list" time="0.012" /><testcase classname="tests.unit.test_skills_composer.TestExtractProcedure" name="test_extract_steps_dict_items" time="0.012" /><testcase classname="tests.unit.test_skills_composer.TestExtractProcedure" name="test_extract_steps_empty" time="0.013" /><testcase classname="tests.unit.test_skills_composer.TestExtractProcedure" name="test_extract_steps_missing" time="0.011" /><testcase classname="tests.unit.test_skills_composer.TestExtractProcedure" name="test_extract_steps_mixed_types" time="0.023" /><testcase classname="tests.unit.test_skills_composer.TestFormatWhenList" name="test_format_when_list_strings" time="0.013" /><testcase classname="tests.unit.test_skills_composer.TestFormatWhenList" name="test_format_when_list_dicts" time="0.012" /><testcase classname="tests.unit.test_skills_composer.TestFormatWhenList" name="test_format_when_list_dict_without_description" time="0.012" /><testcase classname="tests.unit.test_skills_enhancer.TestExtractArgumentHint" name="test_extract_from_claude_example" time="0.001" /><testcase classname="tests.unit.test_skills_enhancer.TestExtractArgumentHint" name="test_extract_from_copilot_example" time="0.002" /><testcase classname="tests.unit.test_skills_composer.TestFormatSteps" name="test_format_steps_dicts" time="0.010" /><testcase classname="tests.unit.test_skills_enhancer.TestTryExtractFromExamples" name="test_extract_with_valid_examples" time="0.002" /><testcase classname="tests.unit.test_skills_composer.TestFormatSteps" name="test_format_steps_dict_without_action" time="0.011" /><testcase classname="tests.unit.test_skills_enhancer.TestTryExtractFromExamples" name="test_extract_with_no_examples" time="0.002" /><testcase classname="tests.unit.test_skills_composer.TestFormatSteps" name="test_format_steps_strings" time="0.012" /><testcase classname="tests.unit.test_skills_enhancer.TestExtractArgumentHint" name="test_extract_from_cursor_example_with_file" time="0.001" /><testcase classname="tests.unit.test_skills_enhancer.TestTryExtractFromExamples" name="test_extract_with_missing_examples" time="0.001" /><testcase classname="tests.unit.test_skills_enhancer.TestTryExtractFromExamples" name="test_extract_with_non_dict_example" time="0.001" /><testcase classname="tests.unit.test_skills_enhancer.TestExtractArgumentHint" name="test_fallback_for_unknown_format" time="0.001" /><testcase classname="tests.unit.test_skills_enhancer.TestExtractHintFromExample" name="test_extract_copilot_hint" time="0.001" /><testcase classname="tests.unit.test_skills_enhancer.TestExtractHintFromExample" name="test_extract_claude_hint" time="0.001" /><testcase classname="tests.unit.test_skills_enhancer.TestExtractArgumentHint" name="test_fallback_when_no_examples" time="0.001" /><testcase classname="tests.unit.test_skills_enhancer.TestExtractHintFromExample" name="test_extract_cursor_hint" time="0.001" /><testcase classname="tests.unit.test_skills_enhancer.TestExtractHintFromExample" name="test_extract_with_no_input" time="0.001" /><testcase classname="tests.unit.test_skills_enhancer.TestExtractHintFromExample" name="test_extract_for_unsupported_format" time="0.002" /><testcase classname="tests.unit.test_skills_enhancer.TestExtractCopilotHint" name="test_extract_with_workspace_syntax" time="0.001" /><testcase classname="tests.unit.test_skills_enhancer.TestExtractCopilotHint" name="test_extract_with_scenario_no_workspace" time="0.002" /><testcase classname="tests.unit.test_skills_enhancer.TestExtractCopilotHint" name="test_extract_with_no_workspace_no_scenario" time="0.001" /><testcase classname="tests.unit.test_skills_enhancer.TestExtractCopilotHint" name="test_extract_with_workspace_no_param" time="0.001" /><testcase classname="tests.unit.test_skills_enhancer.TestExtractWorkspaceParam" name="test_extract_with_no_slash" time="0.001" /><testcase classname="tests.unit.test_skills_enhancer.TestExtractWorkspaceParam" name="test_extract_param_from_workspace_command" time="0.001" /><testcase classname="tests.unit.test_skills_enhancer.TestExtractWorkspaceParam" name="test_extract_with_slash_but_no_param" time="0.001" /><testcase classname="tests.unit.test_skills_enhancer.TestExtractClaudeHint" name="test_extract_with_scenario" time="0.001" /><testcase classname="tests.unit.test_skills_enhancer.TestExtractWorkspaceParam" name="test_extract_multiword_param" time="0.001" /><testcase classname="tests.unit.test_skills_enhancer.TestExtractClaudeHint" name="test_extract_without_scenario" time="0.001" /><testcase classname="tests.unit.test_skills_enhancer.TestExtractCursorHint" name="test_extract_with_file_in_scenario" time="0.002" /><testcase classname="tests.unit.test_skills_enhancer.TestExtractCursorHint" name="test_extract_with_class_in_scenario" time="0.002" /><testcase classname="tests.unit.test_skills_enhancer.TestExtractCursorHint" name="test_extract_with_empty_scenario" time="0.001" /><testcase classname="tests.unit.test_skills_enhancer.TestGetFallbackHint" name="test_fallback_with_description" time="0.001" /><testcase classname="tests.unit.test_skills_enhancer.TestExtractCursorHint" name="test_extract_without_file_or_class" time="0.001" /><testcase classname="tests.unit.test_skills_enhancer.TestGetFallbackHint" name="test_fallback_claude_format" time="0.001" /><testcase classname="tests.unit.test_skills_enhancer.TestGetFallbackHint" name="test_fallback_copilot_format" time="0.001" /><testcase classname="tests.unit.test_skills_enhancer.TestGetFallbackHint" name="test_fallback_cursor_format" time="0.002" /><testcase classname="tests.unit.test_skills_enhancer.TestGetFallbackHint" name="test_fallback_unknown_format" time="0.002" /><testcase classname="tests.unit.test_skills_enhancer.TestGetFallbackHint" name="test_fallback_cline_format" time="0.001" /><testcase classname="tests.unit.test_skills_enhancer.TestExtractEnhancedExamples" name="test_extract_examples_with_list" time="0.001" /><testcase classname="tests.unit.test_skills_enhancer.TestExtractEnhancedExamples" name="test_extract_examples_empty_list" time="0.001" /><testcase classname="tests.unit.test_skills_enhancer.TestExtractEnhancedExamples" name="test_extract_examples_missing" time="0.001" /><testcase classname="tests.unit.test_skills_enhancer.TestFormatSingleExample" name="test_format_dict_example" time="0.002" /><testcase classname="tests.unit.test_skills_enhancer.TestFormatSingleExample" name="test_format_string_example" time="0.001" /><testcase classname="tests.unit.test_skills_enhancer.TestFormatSingleExample" name="test_format_example_with_index" time="0.001" /><testcase classname="tests.unit.test_update_skill_command.TestValidateUpdateArgs" name="test_missing_name_and_all" time="0.002" /><testcase classname="tests.unit.test_update_skill_command.TestValidateUpdateArgs" name="test_name_without_format" time="0.002" /><testcase classname="tests.unit.test_update_skill_command.TestValidateUpdateArgs" name="test_valid_with_name_and_format" time="0.001" /><testcase classname="tests.unit.test_update_skill_command.TestLoadAllCurrentRecipes" name="test_loads_all_recipes" time="0.002" /><testcase classname="tests.unit.test_update_skill_command.TestValidateUpdateArgs" name="test_valid_with_all_flag" time="0.001" /><testcase classname="tests.unit.test_update_skill_command.TestLoadAllCurrentRecipes" name="test_uses_repo_root_as_base" time="0.002" /><testcase classname="tests.unit.test_update_skill_command.TestLoadRecipesFromNames" name="test_loads_valid_recipes" time="0.002" /><testcase classname="tests.unit.test_update_skill_command.TestLoadRecipesFromNames" name="test_skips_missing_recipes" time="0.002" /><testcase classname="tests.unit.test_update_skill_command.TestLoadSkillMetadata" name="test_missing_metadata_file" time="0.008" /><testcase classname="tests.unit.test_update_skill_command.TestCheckAndConfirmStaleUpdates" name="test_user_confirms_update" time="0.003" /><testcase classname="tests.unit.test_update_skill_command.TestCheckAndConfirmStaleUpdates" name="test_user_cancels_update" time="0.002" /><testcase classname="tests.unit.test_update_skill_command.TestLoadSkillMetadata" name="test_empty_source_recipes" time="0.011" /><testcase classname="tests.unit.test_update_skill_command.TestCheckAndConfirmStaleUpdates" name="test_whatif_mode_lists_updates" time="0.001" /><testcase classname="tests.unit.test_update_skill_command.TestLoadSkillMetadata" name="test_loads_valid_metadata" time="0.020" /><testcase classname="tests.unit.test_update_skill_command.TestCheckAndConfirmStaleUpdates" name="test_force_mode_no_prompt" time="0.001" /><testcase classname="tests.unit.test_update_skill_command.TestUpdateAllFormats" name="test_skips_nonexistent_skill_directories" time="0.007" /><testcase classname="tests.unit.test_update_skill_command.TestUpdateAllFormats" name="test_updates_stale_skills" time="0.011" /><testcase classname="tests.unit.test_update_skill_command.TestUpdateAllFormats" name="test_skips_formats_with_no_stale_skills" time="0.009" /><testcase classname="tests.unit.test_update_skill_command.TestLoadRecipesFromNames" name="test_all_recipes_missing" time="0.004" /><testcase classname="tests.unit.test_update_skill_command.TestUpdateSingleSkillImpl" name="test_whatif_mode" time="0.011" /><testcase classname="tests.unit.test_update_skill_command.TestUpdateSingleSkillImpl" name="test_successful_update" time="0.014" /><testcase classname="tests.unit.test_update_skill_command.TestUpdateSingleSkillImpl" name="test_update_failure" time="0.013" /><testcase classname="tests.unit.test_update_skill_command.TestUpdateSingleSkillImpl" name="test_missing_metadata" time="0.012" /><testcase classname="tests.unit.test_update_skill_command.TestUpdateSingleSkillImpl" name="test_missing_recipes" time="0.015" /><testcase classname="tests.integration.cli.test_cli_integration.TestSkillGeneration" name="test_skill_generation_different_formats@cli_integration" time="0.379" /><testcase classname="tests.integration.cli.test_cli_integration.TestSkillGeneration" name="test_skill_generation_workspace_flag@cli_integration" time="0.130" /></testsuite></testsuites>